<?xml version="1.0" encoding="UTF-8"?>
<!-- Generated by org.testng.reporters.JUnitReportReporter -->
<testsuite hostname="NIKKI-PC" failures="0" tests="1" name="framework1.runnerclass4" time="11.140" errors="0" timestamp="2023-08-25T09:31:36 IST" skipped="0">
  <testcase classname="framework1.runnerclass4" name="test2" time="11.140"/>
</testsuite> <!-- framework1.runnerclass4 -->
