<?xml version="1.0" encoding="UTF-8"?>
<!-- Generated by org.testng.reporters.JUnitReportReporter -->
<testsuite hostname="NIKKI-PC" failures="0" tests="2" name="framework1.ParallelExec" time="20.662" errors="0" timestamp="2023-08-25T09:31:36 IST" skipped="0">
  <testcase classname="framework1.ParallelExec" name="test1" time="16.047"/>
  <testcase classname="framework1.ParallelExec" name="test1" time="4.615"/>
</testsuite> <!-- framework1.ParallelExec -->
