<?xml version="1.0" encoding="UTF-8"?>
<!-- Generated by org.testng.reporters.JUnitReportReporter -->
<testsuite hostname="NIKKI-PC" failures="0" tests="2" name="framework1.Parallelexec1" time="13.543" errors="0" timestamp="2023-09-01T10:40:43 IST" skipped="0">
  <testcase classname="framework1.Parallelexec1" name="test1" time="4.722"/>
  <testcase classname="framework1.Parallelexec1" name="test1" time="8.821"/>
</testsuite> <!-- framework1.Parallelexec1 -->
