<?xml version="1.0" encoding="UTF-8"?>
<!-- Generated by org.testng.reporters.JUnitReportReporter -->
<testsuite hostname="NIKKI-PC" failures="0" tests="1" name="framework1.runnerclass3" time="10.733" errors="0" timestamp="2023-08-21T17:16:41 IST" skipped="0">
  <testcase classname="framework1.runnerclass3" name="test1" time="10.733"/>
</testsuite> <!-- framework1.runnerclass3 -->
