<?xml version="1.0" encoding="UTF-8"?>
<!-- Generated by org.testng.reporters.JUnitReportReporter -->
<testsuite hostname="NIKKI-PC" failures="0" tests="1" name="TestScript.testclass" time="24.946" errors="0" timestamp="2023-08-24T17:10:10 IST" skipped="0">
  <testcase classname="TestScript.testclass" name="amazon" time="24.946"/>
</testsuite> <!-- TestScript.testclass -->
