<?xml version="1.0" encoding="UTF-8"?>
<!-- Generated by org.testng.reporters.JUnitReportReporter -->
<testsuite hostname="NIKKI-PC" failures="0" tests="1" name="framework1.runnerclass" time="16.996" errors="0" timestamp="2023-08-21T17:05:15 IST" skipped="0">
  <testcase classname="framework1.runnerclass" name="Test1" time="16.996"/>
</testsuite> <!-- framework1.runnerclass -->
