<?xml version="1.0" encoding="UTF-8"?>
<!-- Generated by org.testng.reporters.JUnitReportReporter -->
<testsuite hostname="NIKKI-PC" failures="0" tests="1" name="framework1.Groups" time="0.016" errors="0" timestamp="2023-08-28T17:12:22 IST" skipped="0">
  <testcase classname="framework1.Groups" name="test3" time="0.016"/>
</testsuite> <!-- framework1.Groups -->
