<?xml version="1.0" encoding="UTF-8"?>
<!-- Generated by org.testng.reporters.JUnitReportReporter -->
<testsuite hostname="NIKKI-PC" failures="0" tests="2" name="Practicemetchod.test1" time="0.002" errors="0" timestamp="2023-08-21T15:33:58 IST" skipped="0">
  <testcase classname="Practicemetchod.test1" name="data2" time="0.001">
    <system-out>
      <![CDATA[hello]]>
    </system-out>
  </testcase> <!-- data2 -->
  <testcase classname="Practicemetchod.test1" name="data1" time="0.001">
    <system-out>
      <![CDATA[hi]]>
    </system-out>
  </testcase> <!-- data1 -->
  <system-out>
    <![CDATA[hi
hello
hi
hello
welcome
hi
hello
bye
hi
hello
bye
hello
hello
hello
hi
hi
hi
hi
hi
hello
hi
hello]]>
  </system-out>
</testsuite> <!-- Practicemetchod.test1 -->
