<?xml version="1.0" encoding="UTF-8"?>
<!-- Generated by org.testng.reporters.JUnitReportReporter -->
<testsuite hostname="NIKKI-PC" failures="0" tests="2" name="framework1.Test4" time="3.203" errors="0" timestamp="2023-08-21T15:33:58 IST" skipped="0">
  <testcase classname="framework1.Test4" name="data2" time="0.710"/>
  <testcase classname="framework1.Test4" name="data1" time="2.493"/>
  <system-out>
    <![CDATA[hi
hello
hi
hello
welcome
hi
hello
bye
hi
hello
bye
hello
hello
hello
hi
hi
hi
hi
hi
hello
hi
hello]]>
  </system-out>
</testsuite> <!-- framework1.Test4 -->
